C51 COMPILER V9.56.0.0   HX711                                                             06/04/2018 19:24:26 PAGE 1   


C51 COMPILER V9.56.0.0, COMPILATION OF MODULE HX711
OBJECT MODULE PLACED IN .\Objects\HX711.obj
COMPILER INVOKED BY: D:\Keil4\C51\BIN\C51.EXE HX711.c OPTIMIZE(8,SPEED) BROWSE DEBUG OBJECTEXTEND PRINT(.\Listings\HX711
                    -.lst) OBJECT(.\Objects\HX711.obj)

line level    source

   1          #include "HX711.h"
   2          
   3          /*延时函数*/
   4          void Delay_hx711_us(void)
   5          {
   6   1              _nop_();
   7   1              _nop_();
   8   1      }
   9          
  10          /*HX711数据转换函数*/
  11          unsigned long HX711_Read(void)   //增益128
  12          {
  13   1              unsigned long count; 
  14   1              unsigned char i; 
  15   1              HX711_DOUT=1; 
  16   1              Delay_hx711_us();
  17   1              HX711_SCK=0; 
  18   1              count=0; 
  19   1              while(HX711_DOUT); 
  20   1              for(i=0;i<24;i++)                               
  21   1              { 
  22   2                      HX711_SCK=1; 
  23   2                      count=count<<1; 
  24   2                      HX711_SCK=0; 
  25   2                      if(HX711_DOUT)
  26   2                              count++; 
  27   2              } 
  28   1              HX711_SCK=1; 
  29   1          count=count^0x800000;      //第25个脉冲下降沿来时，转换数据
  30   1              Delay_hx711_us();
  31   1              HX711_SCK=0;  
  32   1      
  33   1              return(count);
  34   1      }


MODULE INFORMATION:   STATIC OVERLAYABLE
   CODE SIZE        =     64    ----
   CONSTANT SIZE    =   ----    ----
   XDATA SIZE       =   ----    ----
   PDATA SIZE       =   ----    ----
   DATA SIZE        =   ----    ----
   IDATA SIZE       =   ----    ----
   BIT SIZE         =   ----    ----
END OF MODULE INFORMATION.


C51 COMPILATION COMPLETE.  0 WARNING(S),  0 ERROR(S)
