C51 COMPILER V9.56.0.0   LCD1602                                                           06/04/2018 19:24:26 PAGE 1   


C51 COMPILER V9.56.0.0, COMPILATION OF MODULE LCD1602
OBJECT MODULE PLACED IN .\Objects\LCD1602.obj
COMPILER INVOKED BY: D:\Keil4\C51\BIN\C51.EXE LCD1602.c OPTIMIZE(8,SPEED) BROWSE DEBUG OBJECTEXTEND PRINT(.\Listings\LCD
                    -1602.lst) OBJECT(.\Objects\LCD1602.obj)

line level    source

   1          #include "LCD1602.h"
   2          
   3          /* 等待液晶准备好 */
   4          void LcdWaitReady()
   5          {
   6   1          unsigned char sta;
   7   1      
   8   1          LCD1602_DB = 0xFF;
   9   1          LCD1602_RS = 0;
  10   1          LCD1602_RW = 1;
  11   1          do {
  12   2              LCD1602_E = 1;
  13   2              sta = LCD1602_DB; //读取状态字
  14   2              LCD1602_E = 0;
  15   2          } while (sta & 0x80); //bit7等于1表示液晶正忙，重复检测直到其等于0为止
  16   1      }
  17          /* 向LCD1602液晶写入一字节命令，cmd-待写入命令值 */
  18          void LcdWriteCmd(unsigned char cmd)
  19          {
  20   1          LcdWaitReady();
  21   1          LCD1602_RS = 0;
  22   1          LCD1602_RW = 0;
  23   1          LCD1602_DB = cmd;
  24   1          LCD1602_E  = 1;
  25   1          LCD1602_E  = 0;
  26   1      }
  27          /* 向LCD1602液晶写入一字节数据，dat-待写入数据值 */
  28          void LcdWriteDat(unsigned char dat)
  29          {
  30   1          LcdWaitReady();
  31   1          LCD1602_RS = 1;
  32   1          LCD1602_RW = 0;
  33   1          LCD1602_DB = dat;
  34   1          LCD1602_E  = 1;
  35   1          LCD1602_E  = 0;
  36   1      }
  37          /* 设置显示RAM起始地址，亦即光标位置，(x,y)-对应屏幕上的字符坐标 */
  38          void LcdSetCursor(unsigned char x, unsigned char y)
  39          {
  40   1          unsigned char addr;
  41   1          
  42   1          if (y == 0)  //由输入的屏幕坐标计算显示RAM的地址
  43   1              addr = 0x00 + x;  //第一行字符地址从0x00起始
  44   1          else
  45   1              addr = 0x40 + x;  //第二行字符地址从0x40起始
  46   1          LcdWriteCmd(addr | 0x80);  //设置RAM地址
  47   1      }
  48          /* 在液晶上显示字符，(x,y)-对应屏幕上的起始坐标，chr-字符串指针 */
  49          void LcdShowChr(unsigned char x, unsigned char y,  unsigned char chr )
  50          {
  51   1          LcdSetCursor(x, y);   //设置起始地址
  52   1          
  53   1          LcdWriteDat(chr);
  54   1         
C51 COMPILER V9.56.0.0   LCD1602                                                           06/04/2018 19:24:26 PAGE 2   

  55   1      }
  56          
  57          void LcdShowStr(unsigned char x, unsigned char y, unsigned char *str)
  58          {
  59   1          LcdSetCursor(x, y);   //设置起始地址
  60   1          
  61   1          while(*str != '\0')
  62   1          {
  63   2              LcdWriteDat(*str++);
  64   2          }
  65   1         
  66   1      }
  67          
  68          ///* 整屏清除 */
  69          //void LcdFullClear()
  70          //{
  71          //    LcdWriteCmd(0x01);
  72          //}
  73          
  74          /* 初始化1602液晶 */
  75          void InitLcd1602()
  76          {
  77   1          LcdWriteCmd(0x38);  //16*2显示，5*7点阵，8位数据接口
  78   1          LcdWriteCmd(0x0C);  //显示器开，光标关闭
  79   1          LcdWriteCmd(0x06);  //文字不动，地址自动+1
  80   1          LcdWriteCmd(0x01);  //清屏
  81   1      }


MODULE INFORMATION:   STATIC OVERLAYABLE
   CODE SIZE        =    136    ----
   CONSTANT SIZE    =   ----    ----
   XDATA SIZE       =   ----    ----
   PDATA SIZE       =   ----    ----
   DATA SIZE        =   ----       3
   IDATA SIZE       =   ----    ----
   BIT SIZE         =   ----    ----
END OF MODULE INFORMATION.


C51 COMPILATION COMPLETE.  0 WARNING(S),  0 ERROR(S)
