Removed Pin From Net: NetName=RESET Pin=C7-2
Removed Pin From Net: NetName=VCC Pin=K1-1
Removed Pin From Net: NetName=RESET Pin=K1-2
Removed Pin From Net: NetName=RESET Pin=R2-1
Added Component: Designator=P5(AS32-TTL-100)
Added Pin To Net: NetName=NetC7_2 Pin=C7-2
Added Pin To Net: NetName=RESET Pin=K1-1
Added Pin To Net: NetName=VCC Pin=K1-2
Added Pin To Net: NetName=GND Pin=P5-1
Added Pin To Net: NetName=GND Pin=P5-1
Added Pin To Net: NetName=GND Pin=P5-1
Added Pin To Net: NetName=GND Pin=P5-1
Added Pin To Net: NetName=VCC Pin=P5-2
Added Pin To Net: NetName=VCC Pin=P5-2
Added Pin To Net: NetName=AUX Pin=P5-3
Added Pin To Net: NetName=AUX Pin=P5-3
Added Pin To Net: NetName=RX Pin=P5-4
Added Pin To Net: NetName=TX Pin=P5-5
Added Pin To Net: NetName=M1 Pin=P5-6
Added Pin To Net: NetName=M0 Pin=P5-7
Added Pin To Net: NetName=NetC7_2 Pin=R2-1
Added Member To Class: ClassName=Slave Member=Component P5 无线串口模块
Added Room: Name=Slave
