C51 COMPILER V9.56.0.0   MAIN                                                              06/02/2018 16:55:32 PAGE 1   


C51 COMPILER V9.56.0.0, COMPILATION OF MODULE MAIN
OBJECT MODULE PLACED IN .\Objects\main.obj
COMPILER INVOKED BY: D:\Keil4\C51\BIN\C51.EXE main.c OPTIMIZE(8,SPEED) BROWSE DEBUG OBJECTEXTEND PRINT(.\Listings\main.l
                    -st) OBJECT(.\Objects\main.obj)

line level    source

   1          #include "LCD1602.h"
   2          
   3          sbit M0 = P2^7;    //SX1278无线UART模块工作方式选择引脚
   4          sbit M1 = P2^6;      
   5          
   6          sbit Infrad = P1^0;
   7          sbit Infrad1 = P1^3;
   8          
   9          int Count = 0;
  10          uchar TxStr[6]={0}; //接收数据缓冲区
  11          
  12          
  13          void InitUART(uint baud);  //串口配置函数
  14          void ConverData();         //车位信息数据转换函数
  15          void UartTXData(uchar str[]);//串口发送字符串函数
  16          void Delay_ms(uint x);
  17          
  18          void main()
  19          {   
  20   1          M0 = 0;
  21   1          M1 = 0;
  22   1      
  23   1          InitLcd1602();
  24   1          InitUART(9600);  
  25   1      
  26   1          while(1)
  27   1          {   
  28   2      
  29   2              if(Infrad == 0)
  30   2              {    
  31   3                  while(!Infrad);
  32   3                  Count++; 
  33   3                  if(Count>=99)
  34   3                  {
  35   4                      Count = 99;
  36   4                  }
  37   3                  ConverData();
  38   3                  UartTXData(TxStr);   //将数据帧发送出去 
  39   3              }
  40   2      
  41   2              if(Infrad1 == 0)
  42   2              {   
  43   3                  while(!Infrad1);
  44   3                  Count--;    
  45   3                  if(Count <= 0)
  46   3                  {
  47   4                      Count = 0;
  48   4                  }
  49   3                  ConverData();
  50   3                  UartTXData(TxStr);   //将数据帧发送出去 
  51   3              }  
  52   2              
  53   2          }   
  54   1      }
C51 COMPILER V9.56.0.0   MAIN                                                              06/02/2018 16:55:32 PAGE 2   

  55                     
  56          
  57          /* 串口配置函数，baud-通信波特率 */
  58          void InitUART(uint baud)
  59          {
  60   1          EA = 1;        //使能中断总开关
  61   1          SCON  = 0x50;  //配置串口为模式1
  62   1          TMOD &= 0x0F;  //清零T1的控制位
  63   1          TMOD |= 0x20;  //配置T1为模式2
  64   1          TH1 = 256 - (11059200/12/32)/baud;  //计算T1重载值
  65   1          TL1 = TH1;     //初值等于重载值
  66   1          ET1 = 0;       //禁止T1中断
  67   1          ES  = 1;       //使能串口中断
  68   1          TR1 = 1;       //启动T1
  69   1      }                                 
  70          
  71          /*将温湿度数据根据通信协议构成一帧完整的数据放入发送缓冲区中*/
  72          void ConverData()
  73          {
  74   1          TxStr[0] = 'S';
  75   1          TxStr[1] = 'Y';
  76   1          TxStr[2] = Count/10+'0';
  77   1          TxStr[3] = Count%10+'0';
  78   1          TxStr[4] = 'H';
  79   1      }
  80          
  81          /*延时函数，延时单位为毫秒*/
  82          void Delay_ms(uint x)
  83          {
  84   1         uint i,j;
  85   1       
  86   1         for(i=x;i>0;i--)
  87   1            for(j=110;j>0;j--);
  88   1      }
  89          
  90          /*串口发送字符串函数*/  
  91          void UartTXData(uchar str[])
  92          {   
  93   1          uchar i = 0;
  94   1          
  95   1          while(str[i] != '\0')
  96   1          {
  97   2              SBUF= str[i];
  98   2              i++;
  99   2              while(!TI);
 100   2              TI=0;
 101   2          }
 102   1      }
 103          
 104          


MODULE INFORMATION:   STATIC OVERLAYABLE
   CODE SIZE        =    246    ----
   CONSTANT SIZE    =   ----    ----
   XDATA SIZE       =   ----    ----
   PDATA SIZE       =   ----    ----
   DATA SIZE        =      8       3
   IDATA SIZE       =   ----    ----
   BIT SIZE         =   ----    ----
END OF MODULE INFORMATION.


C51 COMPILATION COMPLETE.  0 WARNING(S),  0 ERROR(S)
