Removed Pin From Net: NetName=GND Pin=J1-2A
Removed Pin From Net: NetName=GND Pin=J1-2B
Removed Pin From Net: NetName=VCC Pin=LED2-2
Removed Pin From Net: NetName=VCC Pin=LED3-2
Removed Pin From Net: NetName=VCC Pin=P2-1
Removed Pin From Net: NetName=GND Pin=P2-3
Removed Pin From Net: NetName=VCC Pin=P4-1
Removed Pin From Net: NetName=TX Pin=P4-2
Removed Pin From Net: NetName=RX Pin=P4-3
Removed Pin From Net: NetName=GND Pin=P4-4
Removed Pin From Net: NetName=NetLED1_2 Pin=R6-1
Removed Member From Class: ClassName=Slave Member=C5
Removed Member From Class: ClassName=Slave Member=R6
Change Component DesignItemId : Designator=P2 Old DesignItemId=Header 3 New DesignItemId=Header 2
Change Component DesignItemId : Designator=P4 Old DesignItemId=Header 4 New DesignItemId=Header 2
Change Component DesignItemId : Designator=J1 Old DesignItemId=PWR2.5 New DesignItemId=DC-05
Change Component Footprint: Designator=P2 Old Footprint=HDR1X3 New Footprint=HDR1X2
Change Component Footprint: Designator=P4 Old Footprint=HDR1X4 New Footprint=HDR1X2
Change Component Footprint: Designator=J1 Old Footprint=KLD-0202 New Footprint=DC-05
Change Component Comment : Designator=P2 Old Comment=DHT11 New Comment=发射管1
Change Component Comment : Designator=J1 Old Comment=PWR2.5 New Comment=DC-05
Change Component Comment : Designator=P4 Old Comment=下载口 New Comment=发射管2
Change Component Designator: OldDesignator=2 NewDesignator=1
Change Component Designator: OldDesignator=C1 NewDesignator=C4
Change Component Designator: OldDesignator=C5 NewDesignator=C1
Change Component Designator: OldDesignator=C6 NewDesignator=C3
Change Component Designator: OldDesignator=C7 NewDesignator=C2
Change Component Designator: OldDesignator=LED4 NewDesignator=LED3
Change Component Designator: OldDesignator=P5 NewDesignator=P6
Change Component Designator: OldDesignator=R5 NewDesignator=R4
Change Component Designator: OldDesignator=R6 NewDesignator=R5
Change Component Designator: OldDesignator=U? NewDesignator=U1
Added Component: Designator=LED4(LED)
Added Component: Designator=P1(HDR1X3)
Added Component: Designator=P3(HDR1X3)
Added Component: Designator=P5(HDR1X4)
Added Component: Designator=R1(AXIAL-0.4)
Added Pin To Net: NetName=VCC Pin=LED2-1
Added Pin To Net: NetName=VCC Pin=LED4-1
Added Pin To Net: NetName=VCC Pin=P1-1
Added Pin To Net: NetName=GND Pin=P1-3
Added Pin To Net: NetName=GND Pin=P2-1
Added Pin To Net: NetName=VCC Pin=P2-2
Added Pin To Net: NetName=VCC Pin=P3-1
Added Pin To Net: NetName=GND Pin=P3-3
Added Pin To Net: NetName=GND Pin=P4-1
Added Pin To Net: NetName=VCC Pin=P4-2
Added Pin To Net: NetName=VCC Pin=P5-1
Added Pin To Net: NetName=TX Pin=P5-2
Added Pin To Net: NetName=RX Pin=P5-3
Added Pin To Net: NetName=GND Pin=P5-4
Added Pin To Net: NetName=NetLED1_2 Pin=R1-2
Change Net Name : Old Net Name=NetLED4_2 New Net Name=NetLED3_2
Added Pin To Net: NetName=NetC2_2 Pin=C2-2
Added Pin To Net: NetName=NetC2_2 Pin=K1-1
Added Pin To Net: NetName=NetC2_2 Pin=R2-1
Added Net: Name=NetC2_2
Added Pin To Net: NetName=NetJ1_1 Pin=J1-1
Added Pin To Net: NetName=NetJ1_1 Pin=S1-2
Added Net: Name=NetJ1_1
Added Pin To Net: NetName=NetLED2_2 Pin=LED2-2
Added Pin To Net: NetName=NetLED2_2 Pin=R3-2
Added Net: Name=NetLED2_2
Added Pin To Net: NetName=NetLED4_2 Pin=LED4-2
Added Pin To Net: NetName=NetLED4_2 Pin=R5-1
Added Net: Name=NetLED4_2
Added Pin To Net: NetName=OUT1 Pin=P1-2
Added Pin To Net: NetName=OUT1 Pin=R1-1
Added Pin To Net: NetName=OUT1 Pin=U1-1
Added Net: Name=OUT1
Added Pin To Net: NetName=OUT2 Pin=P3-2
Added Pin To Net: NetName=OUT2 Pin=R3-1
Added Pin To Net: NetName=OUT2 Pin=U1-2
Added Net: Name=OUT2
Added Member To Class: ClassName=Slave Member=Component C4 Cap
Added Member To Class: ClassName=Slave Member=Component P1 接收管1
Added Member To Class: ClassName=Slave Member=Component P3 接收管2
Added Member To Class: ClassName=Slave Member=Component P6 无线串口模块
Added Member To Class: ClassName=Slave Member=Component R1 Res2
Added Room: Name=Slave
