Removed Pin From Net: NetName=VCC Pin=LED4-1
Removed Pin From Net: NetName=NetLED4_2 Pin=LED4-2
Removed Pin From Net: NetName=VCC Pin=P5-1
Removed Pin From Net: NetName=TX Pin=P5-2
Removed Pin From Net: NetName=RX Pin=P5-3
Removed Pin From Net: NetName=GND Pin=P5-4
Added Component: Designator=LED2(LED)
Added Component: Designator=LED4(LED)
Added Component: Designator=P5(HDR1X4)
Added Component: Designator=R3(AXIAL-0.4)
Added Pin To Net: NetName=VCC Pin=LED2-1
Added Pin To Net: NetName=NetLED2_2 Pin=LED2-2
Added Pin To Net: NetName=VCC Pin=LED4-1
Added Pin To Net: NetName=NetLED4_2 Pin=LED4-2
Added Pin To Net: NetName=VCC Pin=P5-1
Added Pin To Net: NetName=TX Pin=P5-2
Added Pin To Net: NetName=RX Pin=P5-3
Added Pin To Net: NetName=GND Pin=P5-4
Added Pin To Net: NetName=OUT2 Pin=R3-1
Added Pin To Net: NetName=NetLED2_2 Pin=R3-2
Added Pin To Net: NetName=RESET Pin=U1-9
Added Net: Name=RESET
Added Member To Class: ClassName=Slave Member=Component C1 Cap
Added Member To Class: ClassName=Slave Member=Component LED2 LED
Added Member To Class: ClassName=Slave Member=Component LED4 LED
Added Member To Class: ClassName=Slave Member=Component R3 Res2
Added Member To Class: ClassName=Slave Member=Component R5 Res2
