Removed Pin From Net: NetName=VCC Pin=LED4-1
Removed Pin From Net: NetName=NetLED4_2 Pin=LED4-2
Removed Pin From Net: NetName=VCC Pin=P5-1
Removed Pin From Net: NetName=TX Pin=P5-2
Removed Pin From Net: NetName=RX Pin=P5-3
Removed Pin From Net: NetName=GND Pin=P5-4
Added Component: Designator=LED4(LED)
Added Component: Designator=P5(HDR1X4)
Added Pin To Net: NetName=VCC Pin=LED4-1
Added Pin To Net: NetName=NetLED4_2 Pin=LED4-2
Added Pin To Net: NetName=GND Pin=P4-1
Added Pin To Net: NetName=VCC Pin=P4-2
Added Pin To Net: NetName=VCC Pin=P5-1
Added Pin To Net: NetName=TX Pin=P5-2
Added Pin To Net: NetName=RX Pin=P5-3
Added Pin To Net: NetName=GND Pin=P5-4
Added Member To Class: ClassName=Slave Member=Component LED4 LED
Added Member To Class: ClassName=Slave Member=Component P2 发射管1
Added Member To Class: ClassName=Slave Member=Component P5 下载口
Added Room: Name=Slave
