Removed Pin From Net: NetName=VCC Pin=LED4-1
Removed Pin From Net: NetName=NetLED4_2 Pin=LED4-2
Removed Pin From Net: NetName=GND Pin=P2-1
Removed Pin From Net: NetName=VCC Pin=P2-2
Removed Pin From Net: NetName=GND Pin=P4-1
Removed Pin From Net: NetName=VCC Pin=P4-2
Removed Pin From Net: NetName=VCC Pin=P5-1
Removed Pin From Net: NetName=TX Pin=P5-2
Removed Pin From Net: NetName=RX Pin=P5-3
Removed Pin From Net: NetName=GND Pin=P5-4
Removed Member From Class: ClassName=Slave Member=P2
Change Component DesignItemId : Designator=P4 Old DesignItemId=Header 2 New DesignItemId=Header 4
Change Component Footprint: Designator=P4 Old Footprint=HDR1X2 New Footprint=HDR1X4
Change Component Comment : Designator=P4 Old Comment=发射管2 New Comment=下载口
Change Component Designator: OldDesignator=P4 NewDesignator=P5
Added Component: Designator=LED4(LED)
Added Component: Designator=P?(CON2)
Added Component: Designator=P?(CON2)
Added Pin To Net: NetName=VCC Pin=LED4-1
Added Pin To Net: NetName=NetLED4_2 Pin=LED4-2
Added Pin To Net: NetName=VCC Pin=P5-1
Added Pin To Net: NetName=TX Pin=P5-2
Added Pin To Net: NetName=RX Pin=P5-3
Added Pin To Net: NetName=GND Pin=P5-4
Added Pin To Net: NetName=GND Pin=P?-1
Added Pin To Net: NetName=GND Pin=P?-1
Added Pin To Net: NetName=VCC Pin=P?-2
Added Pin To Net: NetName=VCC Pin=P?-2
Added Member To Class: ClassName=Slave Member=Component LED4 LED
Added Member To Class: ClassName=Slave Member=Component P? Header 2
Added Room: Name=Slave
