Removed Pin From Net: NetName=RESET Pin=C2-2
Removed Pin From Net: NetName=GND Pin=K2-1
Removed Pin From Net: NetName=KEY1 Pin=K2-2
Removed Pin From Net: NetName=GND Pin=K3-1
Removed Pin From Net: NetName=KEY2 Pin=K3-2
Removed Pin From Net: NetName=GND Pin=K4-1
Removed Pin From Net: NetName=KEY3 Pin=K4-2
Removed Pin From Net: NetName=VCC Pin=LED2-1
Removed Pin From Net: NetName=GND Pin=P2-1
Removed Pin From Net: NetName=BEEP Pin=P2-2
Removed Pin From Net: NetName=VCC Pin=P2-3
Removed Pin From Net: NetName=LED1 Pin=R2-1
Removed Pin From Net: NetName=RX Pin=U1-10
Removed Pin From Net: NetName=TX Pin=U1-11
Removed Member From Class: ClassName=Master Member=K2
Removed Member From Class: ClassName=Master Member=K3
Removed Member From Class: ClassName=Master Member=K4
Removed Member From Class: ClassName=Master Member=LED2
Removed Member From Class: ClassName=Master Member=P2
Removed Member From Class: ClassName=Master Member=R2
Change Component Footprint: Designator=Y1 Old Footprint=XTAL New Footprint=XTAL_US
Added Pin To Net: NetName=NetC2_2 Pin=C2-2
Added Pin To Net: NetName=TX Pin=U1-10
Added Pin To Net: NetName=RX Pin=U1-11
Added Room: Name=Master
