Removed Pin From Net: NetName=RESET Pin=C2-2
Removed Pin From Net: NetName=VCC Pin=LED2-1
Removed Pin From Net: NetName=GND Pin=P2-1
Removed Pin From Net: NetName=TX Pin=P2-2
Removed Pin From Net: NetName=RX Pin=P2-3
Removed Pin From Net: NetName=VCC Pin=P2-4
Removed Pin From Net: NetName=RESET Pin=R2-2
Removed Pin From Net: NetName=VO Pin=R5-1
Removed Pin From Net: NetName=GND Pin=R5-2
Change Component DesignItemId : Designator=J1 Old DesignItemId=PWR2.5 New DesignItemId=DC-05
Change Component Footprint: Designator=J1 Old Footprint=KLD-0202 New Footprint=DC-05
Change Component Comment : Designator=P5 Old Comment=Header 9 New Comment=排阻
Change Component Comment : Designator=J1 Old Comment=PWR2.5 New Comment=DC-05
Change Component Designator: OldDesignator=LED1 NewDesignator=LED2
Change Component Designator: OldDesignator=LED2 NewDesignator=LED1
Change Component Designator: OldDesignator=LED4 NewDesignator=LED3
Change Component Designator: OldDesignator=P5 NewDesignator=P3
Change Component Designator: OldDesignator=R1 NewDesignator=R2
Change Component Designator: OldDesignator=R2 NewDesignator=R1
Change Component Designator: OldDesignator=R4 NewDesignator=R3
Change Component Designator: OldDesignator=R6 NewDesignator=R5
Added Component: Designator=K2(四脚按键)
Added Component: Designator=K3(四脚按键)
Added Component: Designator=K4(四脚按键)
Added Component: Designator=P4(HDR1X4)
Added Component: Designator=R4(RPot)
Added Component: Designator=U1(DIP-40)
Added Pin To Net: NetName=NetC2_2 Pin=C2-2
Added Pin To Net: NetName=GND Pin=K2-1
Added Pin To Net: NetName=GND Pin=K3-1
Added Pin To Net: NetName=GND Pin=K4-1
Added Pin To Net: NetName=GND Pin=P4-1
Added Pin To Net: NetName=TX Pin=P4-2
Added Pin To Net: NetName=RX Pin=P4-3
Added Pin To Net: NetName=VCC Pin=P4-4
Added Pin To Net: NetName=NetC2_2 Pin=R1-2
Added Pin To Net: NetName=VO Pin=R4-1
Added Pin To Net: NetName=GND Pin=R4-2
Added Pin To Net: NetName=VO Pin=R4-3
Added Pin To Net: NetName=RS Pin=U1-1
Added Pin To Net: NetName=RW Pin=U1-2
Added Pin To Net: NetName=E Pin=U1-3
Added Pin To Net: NetName=BEEP Pin=U1-4
Added Pin To Net: NetName=RESET Pin=U1-9
Added Pin To Net: NetName=TX Pin=U1-10
Added Pin To Net: NetName=RX Pin=U1-11
Added Pin To Net: NetName=XTAL2 Pin=U1-18
Added Pin To Net: NetName=XTAL1 Pin=U1-19
Added Pin To Net: NetName=GND Pin=U1-20
Added Pin To Net: NetName=M1 Pin=U1-27
Added Pin To Net: NetName=M0 Pin=U1-28
Added Pin To Net: NetName=D7 Pin=U1-32
Added Pin To Net: NetName=D6 Pin=U1-33
Added Pin To Net: NetName=D5 Pin=U1-34
Added Pin To Net: NetName=D4 Pin=U1-35
Added Pin To Net: NetName=D3 Pin=U1-36
Added Pin To Net: NetName=D2 Pin=U1-37
Added Pin To Net: NetName=D1 Pin=U1-38
Added Pin To Net: NetName=D0 Pin=U1-39
Added Pin To Net: NetName=VCC Pin=U1-40
Change Net Name : Old Net Name=LED2 New Net Name=LED1
Change Net Name : Old Net Name=NetLED2_2 New Net Name=NetLED1_2
Change Net Name : Old Net Name=NetLED3_2 New Net Name=NetLED2_2
Change Net Name : Old Net Name=NetLED4_2 New Net Name=NetLED3_2
Added Pin To Net: NetName=KEY1 Pin=K2-2
Added Pin To Net: NetName=KEY1 Pin=U1-23
Added Net: Name=KEY1
Added Pin To Net: NetName=KEY2 Pin=K3-2
Added Pin To Net: NetName=KEY2 Pin=U1-22
Added Net: Name=KEY2
Added Pin To Net: NetName=KEY3 Pin=K4-2
Added Pin To Net: NetName=KEY3 Pin=U1-21
Added Net: Name=KEY3
Added Member To Class: ClassName=Master Member=Component K2 四脚按键
Added Member To Class: ClassName=Master Member=Component K3 四脚按键
Added Member To Class: ClassName=Master Member=Component K4 四脚按键
Added Member To Class: ClassName=Master Member=Component P1 无线串口模块
Added Member To Class: ClassName=Master Member=Component P3 排阻
Added Member To Class: ClassName=Master Member=Component P4 Header 4
Added Member To Class: ClassName=Master Member=Component R4 10K
Added Member To Class: ClassName=Master Member=Component U1 STC89C51
Added Room: Name=Master
