Added Component: Designator=1(XTAL_US)
Added Component: Designator=C1(RAD-0.1)
Added Component: Designator=C2(RB.1/.2)
Added Component: Designator=C3(RAD-0.1)
Added Component: Designator=C4(RB7.6-15)
Added Component: Designator=C5(RB.1/.2)
Added Component: Designator=C6(RAD-0.1)
Added Component: Designator=J1(Beep)
Added Component: Designator=J2(DC-05)
Added Component: Designator=K1(四脚按键)
Added Component: Designator=K2(四脚按键)
Added Component: Designator=K3(四脚按键)
Added Component: Designator=K4(四脚按键)
Added Component: Designator=LCD1(LCD1602)
Added Component: Designator=LED1(LED)
Added Component: Designator=LED2(LED)
Added Component: Designator=P1(HDR4X1_B1)
Added Component: Designator=P2(HDR1X4)
Added Component: Designator=P3(SIP9)
Added Component: Designator=Q1(SOT-23)
Added Component: Designator=R1(AXIAL-0.4)
Added Component: Designator=R2(AXIAL-0.4)
Added Component: Designator=R3(AXIAL-0.4)
Added Component: Designator=R4(AXIAL-0.4)
Added Component: Designator=R5(VR_A1)
Added Component: Designator=R6(AXIAL-0.4)
Added Component: Designator=R7(AXIAL-0.4)
Added Component: Designator=S1(SWITCH_B1)
Added Component: Designator=U1(HX711)
Added Component: Designator=U2(DIP-40)
Added Pin To Net: NetName=5V Pin=J2-2
Added Pin To Net: NetName=5V Pin=S1-2
Added Net: Name=5V
Added Pin To Net: NetName=BEEP Pin=R4-2
Added Pin To Net: NetName=BEEP Pin=U2-4
Added Net: Name=BEEP
Added Pin To Net: NetName=D0 Pin=LCD1-7
Added Pin To Net: NetName=D0 Pin=P3-2
Added Pin To Net: NetName=D0 Pin=U2-39
Added Net: Name=D0
Added Pin To Net: NetName=D1 Pin=LCD1-8
Added Pin To Net: NetName=D1 Pin=P3-3
Added Pin To Net: NetName=D1 Pin=U2-38
Added Net: Name=D1
Added Pin To Net: NetName=D2 Pin=LCD1-9
Added Pin To Net: NetName=D2 Pin=P3-4
Added Pin To Net: NetName=D2 Pin=U2-37
Added Net: Name=D2
Added Pin To Net: NetName=D3 Pin=LCD1-10
Added Pin To Net: NetName=D3 Pin=P3-5
Added Pin To Net: NetName=D3 Pin=U2-36
Added Net: Name=D3
Added Pin To Net: NetName=D4 Pin=LCD1-11
Added Pin To Net: NetName=D4 Pin=P3-6
Added Pin To Net: NetName=D4 Pin=U2-35
Added Net: Name=D4
Added Pin To Net: NetName=D5 Pin=LCD1-12
Added Pin To Net: NetName=D5 Pin=P3-7
Added Pin To Net: NetName=D5 Pin=U2-34
Added Net: Name=D5
Added Pin To Net: NetName=D6 Pin=LCD1-13
Added Pin To Net: NetName=D6 Pin=P3-8
Added Pin To Net: NetName=D6 Pin=U2-33
Added Net: Name=D6
Added Pin To Net: NetName=D7 Pin=LCD1-14
Added Pin To Net: NetName=D7 Pin=P3-9
Added Pin To Net: NetName=D7 Pin=U2-32
Added Net: Name=D7
Added Pin To Net: NetName=DT Pin=R2-2
Added Pin To Net: NetName=DT Pin=U1-3
Added Pin To Net: NetName=DT Pin=U2-7
Added Net: Name=DT
Added Pin To Net: NetName=E Pin=LCD1-6
Added Pin To Net: NetName=E Pin=U2-3
Added Net: Name=E
Added Pin To Net: NetName=GND Pin=C1-2
Added Pin To Net: NetName=GND Pin=C3-2
Added Pin To Net: NetName=GND Pin=C5-2
Added Pin To Net: NetName=GND Pin=C6-1
Added Pin To Net: NetName=GND Pin=J2-1
Added Pin To Net: NetName=GND Pin=K2-1
Added Pin To Net: NetName=GND Pin=K3-1
Added Pin To Net: NetName=GND Pin=K4-1
Added Pin To Net: NetName=GND Pin=LCD1-1
Added Pin To Net: NetName=GND Pin=LCD1-16
Added Pin To Net: NetName=GND Pin=P2-1
Added Pin To Net: NetName=GND Pin=Q1-3
Added Pin To Net: NetName=GND Pin=R3-1
Added Pin To Net: NetName=GND Pin=R5-1
Added Pin To Net: NetName=GND Pin=R5-2
Added Pin To Net: NetName=GND Pin=R6-2
Added Pin To Net: NetName=GND Pin=U1-4
Added Pin To Net: NetName=GND Pin=U2-20
Added Net: Name=GND
Added Pin To Net: NetName=KEY1 Pin=K2-2
Added Pin To Net: NetName=KEY1 Pin=U2-10
Added Net: Name=KEY1
Added Pin To Net: NetName=KEY2 Pin=K3-2
Added Pin To Net: NetName=KEY2 Pin=U2-11
Added Net: Name=KEY2
Added Pin To Net: NetName=KEY3 Pin=K4-2
Added Pin To Net: NetName=KEY3 Pin=U2-12
Added Net: Name=KEY3
Added Pin To Net: NetName=LED1 Pin=R7-1
Added Pin To Net: NetName=LED1 Pin=U2-5
Added Net: Name=LED1
Added Pin To Net: NetName=NetC2_2 Pin=C2-2
Added Pin To Net: NetName=NetC2_2 Pin=R3-2
Added Net: Name=NetC2_2
Added Pin To Net: NetName=NetC4_1 Pin=C4-1
Added Pin To Net: NetName=NetC4_1 Pin=P1-4
Added Pin To Net: NetName=NetC4_1 Pin=U1-5
Added Net: Name=NetC4_1
Added Pin To Net: NetName=NetC4_2 Pin=C4-2
Added Pin To Net: NetName=NetC4_2 Pin=P1-3
Added Pin To Net: NetName=NetC4_2 Pin=U1-6
Added Net: Name=NetC4_2
Added Pin To Net: NetName=NetJ1_2 Pin=J1-2
Added Pin To Net: NetName=NetJ1_2 Pin=Q1-2
Added Net: Name=NetJ1_2
Added Pin To Net: NetName=NetLED1_2 Pin=LED1-2
Added Pin To Net: NetName=NetLED1_2 Pin=R6-1
Added Net: Name=NetLED1_2
Added Pin To Net: NetName=NetLED2_2 Pin=LED2-2
Added Pin To Net: NetName=NetLED2_2 Pin=R7-2
Added Net: Name=NetLED2_2
Added Pin To Net: NetName=NetP1_1 Pin=P1-1
Added Pin To Net: NetName=NetP1_1 Pin=U1-8
Added Net: Name=NetP1_1
Added Pin To Net: NetName=NetP1_2 Pin=P1-2
Added Pin To Net: NetName=NetP1_2 Pin=U1-7
Added Net: Name=NetP1_2
Added Pin To Net: NetName=NetQ1_1 Pin=Q1-1
Added Pin To Net: NetName=NetQ1_1 Pin=R4-1
Added Net: Name=NetQ1_1
Added Pin To Net: NetName=RESET Pin=K1-2
Added Pin To Net: NetName=RESET Pin=U2-9
Added Net: Name=RESET
Added Pin To Net: NetName=RS Pin=LCD1-4
Added Pin To Net: NetName=RS Pin=U2-1
Added Net: Name=RS
Added Pin To Net: NetName=RW Pin=LCD1-5
Added Pin To Net: NetName=RW Pin=U2-2
Added Net: Name=RW
Added Pin To Net: NetName=RX Pin=P2-3
Added Net: Name=RX
Added Pin To Net: NetName=SCK Pin=R1-2
Added Pin To Net: NetName=SCK Pin=U1-2
Added Pin To Net: NetName=SCK Pin=U2-6
Added Net: Name=SCK
Added Pin To Net: NetName=TX Pin=P2-2
Added Net: Name=TX
Added Pin To Net: NetName=VCC Pin=C2-1
Added Pin To Net: NetName=VCC Pin=C5-1
Added Pin To Net: NetName=VCC Pin=C6-2
Added Pin To Net: NetName=VCC Pin=J1-1
Added Pin To Net: NetName=VCC Pin=K1-1
Added Pin To Net: NetName=VCC Pin=LCD1-2
Added Pin To Net: NetName=VCC Pin=LCD1-15
Added Pin To Net: NetName=VCC Pin=LED1-1
Added Pin To Net: NetName=VCC Pin=LED2-1
Added Pin To Net: NetName=VCC Pin=P2-4
Added Pin To Net: NetName=VCC Pin=P3-1
Added Pin To Net: NetName=VCC Pin=R1-1
Added Pin To Net: NetName=VCC Pin=R2-1
Added Pin To Net: NetName=VCC Pin=S1-3
Added Pin To Net: NetName=VCC Pin=U1-1
Added Pin To Net: NetName=VCC Pin=U2-40
Added Net: Name=VCC
Added Pin To Net: NetName=VO Pin=LCD1-3
Added Pin To Net: NetName=VO Pin=R5-3
Added Net: Name=VO
Added Pin To Net: NetName=XTAL1 Pin=1-1
Added Pin To Net: NetName=XTAL1 Pin=C3-1
Added Pin To Net: NetName=XTAL1 Pin=U2-19
Added Net: Name=XTAL1
Added Pin To Net: NetName=XTAL2 Pin=1-2
Added Pin To Net: NetName=XTAL2 Pin=C1-1
Added Pin To Net: NetName=XTAL2 Pin=U2-18
Added Net: Name=XTAL2
Added Class: Name=基于单片机的电子秤
Added Room: Name=基于单片机的电子秤
