Removed Pin From Net: NetName=RESET Pin=C2-2
Removed Pin From Net: NetName=5V Pin=J1-1
Removed Pin From Net: NetName=GND Pin=J1-4
Removed Pin From Net: NetName=GND Pin=P1-1
Removed Pin From Net: NetName=VCC Pin=P1-2
Removed Pin From Net: NetName=AUX Pin=P1-3
Removed Pin From Net: NetName=RX Pin=P1-4
Removed Pin From Net: NetName=TX Pin=P1-5
Removed Pin From Net: NetName=M1 Pin=P1-6
Removed Pin From Net: NetName=M0 Pin=P1-7
Removed Pin From Net: NetName=RESET Pin=U1-9
Removed Pin From Net: NetName=RX Pin=U1-10
Removed Pin From Net: NetName=TX Pin=U1-11
Change Component Designator: OldDesignator=LED2 NewDesignator=LED3
Added Component: Designator=J?(KLD-0202)
Added Component: Designator=P5(AS32-TTL-100)
Added Pin To Net: NetName=NetC2_2 Pin=C2-2
Added Pin To Net: NetName=5V Pin=J?-1A
Added Pin To Net: NetName=5V Pin=J?-1B
Added Pin To Net: NetName=5V Pin=J?-1
Added Pin To Net: NetName=GND Pin=J?-2A
Added Pin To Net: NetName=GND Pin=J?-2B
Added Pin To Net: NetName=GND Pin=J?-2
Added Pin To Net: NetName=GND Pin=P5-1
Added Pin To Net: NetName=GND Pin=P5-1
Added Pin To Net: NetName=GND Pin=P5-1
Added Pin To Net: NetName=GND Pin=P5-1
Added Pin To Net: NetName=VCC Pin=P5-2
Added Pin To Net: NetName=VCC Pin=P5-2
Added Pin To Net: NetName=AUX Pin=P5-3
Added Pin To Net: NetName=AUX Pin=P5-3
Added Pin To Net: NetName=RX Pin=P5-4
Added Pin To Net: NetName=TX Pin=P5-5
Added Pin To Net: NetName=M1 Pin=P5-6
Added Pin To Net: NetName=M0 Pin=P5-7
Added Pin To Net: NetName=NetJ?_3 Pin=J?-3
Added Pin To Net: NetName=NetJ?_3 Pin=J?-3A
Added Pin To Net: NetName=NetJ?_3 Pin=J?-3B
Added Net: Name=NetJ?_3
Added Member To Class: ClassName=Master Member=Component J? PWR2.5
Added Member To Class: ClassName=Master Member=Component LED3 LED
Added Member To Class: ClassName=Master Member=Component P5 无线串口模块
Added Room: Name=Master
