Removed Pin From Net: NetName=RESET Pin=C2-2
Removed Pin From Net: NetName=VCC Pin=K1-1
Removed Pin From Net: NetName=RESET Pin=K1-2
Removed Pin From Net: NetName=GND Pin=P1-1
Removed Pin From Net: NetName=VCC Pin=P1-1
Removed Pin From Net: NetName=VCC Pin=P1-2
Removed Pin From Net: NetName=AUX Pin=P1-3
Removed Pin From Net: NetName=TX Pin=P1-5
Removed Pin From Net: NetName=M1 Pin=P1-6
Removed Pin From Net: NetName=M0 Pin=P1-7
Removed Pin From Net: NetName=GND Pin=P2-1
Removed Pin From Net: NetName=VCC Pin=P2-3
Removed Pin From Net: NetName=5V Pin=P4-1
Removed Pin From Net: NetName=GND Pin=P4-2
Removed Pin From Net: NetName=GND Pin=P6-1
Removed Pin From Net: NetName=VCC Pin=P6-4
Removed Pin From Net: NetName=RESET Pin=R2-2
Removed Pin From Net: NetName=LED2 Pin=U1-5
Removed Pin From Net: NetName=LED1 Pin=U1-6
Removed Pin From Net: NetName=AUX Pin=U1-8
Removed Pin From Net: NetName=M0 Pin=U1-24
Removed Pin From Net: NetName=M1 Pin=U1-25
Change Component Footprint: Designator=C4 Old Footprint=RB.1/.2 New Footprint=RB7.6-15
Added Pin To Net: NetName=NetC2_2 Pin=C2-2
Added Pin To Net: NetName=RESET Pin=K1-1
Added Pin To Net: NetName=VCC Pin=K1-2
Added Pin To Net: NetName=M0 Pin=P1-1
Added Pin To Net: NetName=M0 Pin=P1-1
Added Pin To Net: NetName=M1 Pin=P1-2
Added Pin To Net: NetName=M1 Pin=P1-2
Added Pin To Net: NetName=TX Pin=P1-3
Added Pin To Net: NetName=AUX Pin=P1-5
Added Pin To Net: NetName=VCC Pin=P1-6
Added Pin To Net: NetName=GND Pin=P1-7
Added Pin To Net: NetName=VCC Pin=P2-1
Added Pin To Net: NetName=GND Pin=P2-3
Added Pin To Net: NetName=GND Pin=P4-1
Added Pin To Net: NetName=5V Pin=P4-2
Added Pin To Net: NetName=VCC Pin=P6-1
Added Pin To Net: NetName=GND Pin=P6-4
Added Pin To Net: NetName=NetC2_2 Pin=R2-2
Added Pin To Net: NetName=LED2 Pin=U1-24
Added Pin To Net: NetName=LED1 Pin=U1-25
Added Room: Name=Master
