Remove Pin=U1-1 From Net=RS
Remove Pin=U1-2 From Net=RW
Remove Pin=U1-3 From Net=E
Remove Pin=U1-4 From Net=BEEP
Remove Pin=U1-5 From Net=LED2
Remove Pin=U1-6 From Net=LED1
Remove Pin=U1-9 From Net=RESET
Remove Pin=U1-10 From Net=RX
Remove Pin=U1-11 From Net=TX
Remove Pin=U1-18 From Net=XTAL2
Remove Pin=U1-19 From Net=XTAL1
Remove Pin=U1-27 From Net=M1
Remove Pin=U1-28 From Net=M0
Change Component Footprint: Designator=C4 Old Footprint=RB7.6-15 New Footprint=RB.1/.2
Change Pin Designator/Name:  Old Designator=K1-1 Old Name=1 New Designator =2 New Name=2
Change Pin Designator/Name:  Old Designator=K1-2 Old Name=2 New Designator =1 New Name=1
Change Pin Designator/Name:  Old Designator=P1-1 Old Name=1 New Designator =7 New Name=7
Change Pin Designator/Name:  Old Designator=P1-2 Old Name=2 New Designator =6 New Name=6
Change Pin Designator/Name:  Old Designator=P1-3 Old Name=3 New Designator =5 New Name=5
Change Pin Designator/Name:  Old Designator=P1-5 Old Name=5 New Designator =3 New Name=3
Change Pin Designator/Name:  Old Designator=P1-6 Old Name=6 New Designator =2 New Name=2
Change Pin Designator/Name:  Old Designator=P1-7 Old Name=7 New Designator =1 New Name=1
Change Pin Designator/Name:  Old Designator=P2-1 Old Name=1 New Designator =3 New Name=3
Change Pin Designator/Name:  Old Designator=P2-3 Old Name=3 New Designator =1 New Name=1
Change Pin Designator/Name:  Old Designator=P4-1 Old Name=1 New Designator =2 New Name=2
Change Pin Designator/Name:  Old Designator=P4-2 Old Name=2 New Designator =1 New Name=1
Change Pin Designator/Name:  Old Designator=P6-1 Old Name=1 New Designator =4 New Name=4
Change Pin Designator/Name:  Old Designator=P6-4 Old Name=4 New Designator =1 New Name=1
