C51 COMPILER V9.56.0.0   MAIN                                                              06/06/2018 15:02:51 PAGE 1   


C51 COMPILER V9.56.0.0, COMPILATION OF MODULE MAIN
OBJECT MODULE PLACED IN .\Objects\main.obj
COMPILER INVOKED BY: D:\Keil4\C51\BIN\C51.EXE main.c OPTIMIZE(8,SPEED) BROWSE DEBUG OBJECTEXTEND PRINT(.\Listings\main.l
                    -st) OBJECT(.\Objects\main.obj)

line level    source

   1          #include "LCD1602.h"
   2          
   3          sbit Infrad = P3^2;
   4          sbit Infrad1 = P3^3;
   5          
   6          sbit M0 = P2^7;    //SX1278无线UART模块工作方式选择引脚
   7          sbit M1 = P2^6; 
   8          
   9          int Count = 0;
  10          uchar TxStr[6]={0}; //接收数据缓冲区
  11          bit flag1 = 0;
  12          bit flag2 = 0;
  13          
  14          void InitUART(uint baud);   //串口配置函数
  15          void InitEX();
  16          void ConverData();          //车位信息数据转换函数
  17          void UartTXData(uchar str[]);//串口发送字符串函数
  18          void Delay_ms(uint xms);     //毫秒延时函数
  19          
  20          void main()
  21          {   
  22   1          PX0 = 1;     //外部中断0中断优先级控制位
  23   1          PX1 = 1;     //外部中断1中断优先级控制位
  24   1          
  25   1          M0 = 0;
  26   1          M1 = 0;
  27   1      
  28   1      //    InitLcd1602();  //LCD1602初始化
  29   1          InitEX();       //外部中断初始化
  30   1          InitUART(9600);    //串口中断初始化
  31   1      
  32   1          while(1)
  33   1          {   
  34   2              if(flag1 == 1)
  35   2              {
  36   3                  flag1 = 0;
  37   3                  Delay_ms(5);
  38   3                  if(Infrad == 0)
  39   3                  {
  40   4                      Count++; 
  41   4                      if(Count>=99)
  42   4                      {
  43   5                          Count = 99;
  44   5                      } 
  45   4                      ConverData();     
  46   4                      UartTXData(TxStr);   //将数据帧发送出去      
  47   4      //                LcdShowChr(0,0,Count/10+'0');
  48   4      //                LcdShowChr(1,0,Count%10+'0');
  49   4                  } 
  50   3              }
  51   2      
  52   2              if(flag2 == 1)
  53   2              {
  54   3                  flag2 = 0;
C51 COMPILER V9.56.0.0   MAIN                                                              06/06/2018 15:02:51 PAGE 2   

  55   3                  Delay_ms(5);
  56   3                  if(Infrad1 == 0)
  57   3                  {
  58   4                      Count--; 
  59   4                      if(Count <=0)
  60   4                      {
  61   5                          Count = 0;
  62   5                      }
  63   4                      ConverData(); 
  64   4                      UartTXData(TxStr);   //将数据帧发送出去
  65   4      //                LcdShowChr(0,0,Count/10+'0');
  66   4      //                LcdShowChr(1,0,Count%10+'0');
  67   4                  } 
  68   3              }    
  69   2          }   
  70   1      }
  71                   
  72          void InitEX()
  73          {
  74   1          IT0=1;       //下降沿触发
  75   1          EX0=1;       //外部中断0使能
  76   1      
  77   1          IT1=1;       //下降沿触发
  78   1          EX1=1;       //外部中断0使能
  79   1      }
  80          
  81          /* 串口配置函数，baud-通信波特率 */
  82          void InitUART(uint baud)
  83          {
  84   1          EA = 1;        //使能中断总开关
  85   1          SCON  = 0x50;  //配置串口为模式1
  86   1          TMOD &= 0x0F;  //清零T1的控制位
  87   1          TMOD |= 0x20;  //配置T1为模式2
  88   1          TH1 = 256 - (11059200/12/32)/baud;  //计算T1重载值
  89   1          TL1 = TH1;     //初值等于重载值
  90   1          ET1 = 0;       //禁止T1中断
  91   1          ES  = 1;       //使能串口中断
  92   1          TR1 = 1;       //启动T1
  93   1      }                                 
  94          
  95          /*将温湿度数据根据通信协议构成一帧完整的数据放入发送缓冲区中*/
  96          void ConverData()
  97          {
  98   1          TxStr[0] = 'S';
  99   1          TxStr[1] = 'Y';
 100   1          TxStr[2] = Count/10+'0';
 101   1          TxStr[3] = Count%10+'0';
 102   1          TxStr[4] = 'H';
 103   1      }
 104          
 105          /*******INT0中断函数*********/
 106          void counter0(void) interrupt 0  
 107          {
 108   1          flag1 = 1;
 109   1      }
 110          
 111          /*******INT1中断函数*********/
 112          void counter1(void) interrupt 2 
 113          {
 114   1          flag2 = 1;
 115   1      }
 116          
C51 COMPILER V9.56.0.0   MAIN                                                              06/06/2018 15:02:51 PAGE 3   

 117          void Delay_ms(uint x)
 118          {
 119   1         uint i,j;
 120   1       
 121   1         for(i=x;i>0;i--)
 122   1            for(j=110;j>0;j--);
 123   1      }
 124          
 125          /*串口发送字符串函数*/  
 126          void UartTXData(uchar str[])
 127          {   
 128   1          uchar i = 0;
 129   1          
 130   1          while(str[i] != '\0')
 131   1          {
 132   2              SBUF= str[i];
 133   2              i++;
 134   2              while(!TI);
 135   2              TI=0;
 136   2          }
 137   1      }
 138          
 139          


MODULE INFORMATION:   STATIC OVERLAYABLE
   CODE SIZE        =    283    ----
   CONSTANT SIZE    =   ----    ----
   XDATA SIZE       =   ----    ----
   PDATA SIZE       =   ----    ----
   DATA SIZE        =      8       3
   IDATA SIZE       =   ----    ----
   BIT SIZE         =      2    ----
END OF MODULE INFORMATION.


C51 COMPILATION COMPLETE.  0 WARNING(S),  0 ERROR(S)
